<?xml version="1.0" encoding="UTF-8"?>
<!-- Generated by org.testng.reporters.JUnitXMLReporter -->
<testsuite ignored="0" hostname="Ryyyzzennnn1992" failures="0" tests="4" name="Surefire test" time="19.323" errors="0" timestamp="2023-04-01T19:45:13 IST">
  <testcase classname="mpack.FourTest" name="m4" time="0.014"/>
  <testcase classname="mpack.OneTest" name="m1" time="19.178"/>
  <testcase classname="mpack.ThreeTest" name="m3" time="0.003"/>
  <testcase classname="mpack.TwoTest" name="m2" time="0.005"/>
</testsuite> <!-- Surefire test -->
