<?xml version="1.0" encoding="UTF-8"?>
<testng-results ignored="0" total="4" passed="4" failed="0" skipped="0">
  <reporter-output>
  </reporter-output>
  <suite started-at="2023-04-01T19:44:54 IST" name="Surefire suite" finished-at="2023-04-01T19:45:13 IST" duration-ms="19323">
    <groups>
    </groups>
    <test started-at="2023-04-01T19:44:54 IST" name="Surefire test" finished-at="2023-04-01T19:45:13 IST" duration-ms="19323">
      <class name="mpack.ThreeTest">
        <test-method signature="m3()[pri:0, instance:mpack.ThreeTest@1ffe63b9]" started-at="2023-04-01T19:45:13 IST" name="m3" finished-at="2023-04-01T19:45:13 IST" duration-ms="3" status="PASS">
          <reporter-output>
          </reporter-output>
        </test-method> <!-- m3 -->
      </class> <!-- mpack.ThreeTest -->
      <class name="mpack.TwoTest">
        <test-method signature="m2()[pri:0, instance:mpack.TwoTest@51e5fc98]" started-at="2023-04-01T19:45:13 IST" name="m2" finished-at="2023-04-01T19:45:13 IST" duration-ms="5" status="PASS">
          <reporter-output>
          </reporter-output>
        </test-method> <!-- m2 -->
      </class> <!-- mpack.TwoTest -->
      <class name="mpack.OneTest">
        <test-method signature="m1()[pri:0, instance:mpack.OneTest@5dd6264]" started-at="2023-04-01T19:44:54 IST" name="m1" finished-at="2023-04-01T19:45:13 IST" duration-ms="19178" status="PASS">
          <reporter-output>
          </reporter-output>
        </test-method> <!-- m1 -->
      </class> <!-- mpack.OneTest -->
      <class name="mpack.FourTest">
        <test-method signature="m4()[pri:0, instance:mpack.FourTest@163e4e87]" started-at="2023-04-01T19:44:54 IST" name="m4" finished-at="2023-04-01T19:44:54 IST" duration-ms="14" status="PASS">
          <reporter-output>
          </reporter-output>
        </test-method> <!-- m4 -->
      </class> <!-- mpack.FourTest -->
    </test> <!-- Surefire test -->
  </suite> <!-- Surefire suite -->
</testng-results>
