<?xml version="1.0" encoding="UTF-8"?>
<testng-results ignored="0" total="1" passed="1" failed="0" skipped="0">
  <reporter-output>
  </reporter-output>
  <suite started-at="2023-03-24T16:30:59 IST" name="Default suite" finished-at="2023-03-24T16:31:08 IST" duration-ms="9053">
    <groups>
    </groups>
    <test started-at="2023-03-24T16:30:59 IST" name="Default test" finished-at="2023-03-24T16:31:08 IST" duration-ms="9053">
      <class name="mpack.OneTest">
        <test-method signature="m1()[pri:0, instance:mpack.OneTest@7e07db1f]" started-at="2023-03-24T16:30:59 IST" name="m1" finished-at="2023-03-24T16:31:08 IST" duration-ms="8987" status="PASS">
          <reporter-output>
          </reporter-output>
        </test-method> <!-- m1 -->
      </class> <!-- mpack.OneTest -->
    </test> <!-- Default test -->
  </suite> <!-- Default suite -->
</testng-results>
